<?xml version="1.0" encoding="UTF-8"?>
<!-- Generated by org.testng.reporters.JUnitReportReporter -->
<testsuite hostname="Mahesh-PC" name="Demo.swap" tests="1" failures="0" timestamp="21 Jul 2017 13:49:42 GMT" time="0.031" errors="0">
  <testcase name="testcase1" time="0.031" classname="Demo.swap"/>
</testsuite> <!-- Demo.swap -->
