<?xml version="1.0" encoding="UTF-8"?>
<!-- Generated by org.testng.reporters.JUnitReportReporter -->
<testsuite hostname="Mahesh-PC" name="com.mahesh.MyTest" tests="2" failures="0" timestamp="15 Jul 2017 13:23:55 GMT" time="0.015" errors="0">
  <testcase name="test2" time="0.005" classname="com.mahesh.MyTest"/>
  <testcase name="TEST" time="0.010" classname="com.mahesh.MyTest"/>
</testsuite> <!-- com.mahesh.MyTest -->
